2024/01/07 22:31:45 Connecting to Postgres
2024/01/07 22:31:45 Connecting to Cache
2024/01/07 22:31:45 Server started
2024/01/07 22:32:47 Connecting to Postgres
2024/01/07 22:32:47 Connecting to Cache
2024/01/07 22:32:47 Server started
2024/01/07 23:10:40 Connecting to Postgres
2024/01/07 23:10:40 Connecting to Cache
2024/01/07 23:10:40 Server started
2024/01/07 23:21:48 Connecting to Postgres
2024/01/07 23:21:48 Connecting to Cache
2024/01/07 23:21:48 Server started
2024/01/07 23:23:53 Generating new token for user  c752234f-d286-41fd-8d69-412dd554e593
2024/01/07 23:23:53 Generating new token for user  243ccebd-b0fe-4d36-932f-0f2aa03e3238
2024/01/07 23:23:53 Generating new token for user  b8060696-168a-4708-a85c-ddc6e59416f9
2024/01/07 23:23:53 Generating new token for user  3d34c338-6900-4b1d-8968-b6dc5322cb92
2024/01/07 23:23:53 Generating new token for user  42b69523-b352-4c07-81f1-f37fc85005d6
2024/01/07 23:23:54 Generating new token for user  b6900110-9424-41e7-9389-6d17a30e34ef
2024/01/07 23:23:54 Generating new token for user  e7eea9be-97d7-49e1-a134-6ce4613655ca
2024/01/07 23:23:54 Generating new token for user  0d2364b5-677b-4591-9019-54db9c406ef0
2024/01/07 23:23:54 Generating new token for user  bcbc01c9-4f7f-4e7f-b4ca-7792141a2f96
2024/01/07 23:23:54 Generating new token for user  6a9b4e31-16ea-4298-b9e5-815a2143b342
2024/01/07 23:23:54 Generating new token for user  b3d811d8-7c49-4261-881c-4578d3ba82d9
2024/01/07 23:23:54 Generating new token for user  3e70888d-cbcb-48c8-a411-658867f38b68
2024/01/07 23:23:54 Generating new token for user  eb894fc5-8cf3-4e8f-a957-6f1b12f42c90
2024/01/07 23:23:54 Generating new token for user  cb055499-3aca-4bfd-a5ce-c0833a570ad9
2024/01/07 23:23:54 Generating new token for user  4c1415f1-962c-43d9-926a-2e5df2018498
2024/01/07 23:23:54 Generating new token for user  22825c8c-1170-4f6c-a9e6-1b198470b103
2024/01/07 23:23:54 Generating new token for user  32917cb0-78c2-4113-9a3b-ae6bd0e9ada0
2024/01/07 23:23:54 Generating new token for user  3d1d0a04-98ab-4b93-a276-e6499a2ca846
2024/01/07 23:23:54 Generating new token for user  253712c0-1140-42ca-9b7a-7c6182b72fc2
2024/01/07 23:23:54 Generating new token for user  2de55069-6dab-4ec8-a147-1174e57f1fc6
2024/01/07 23:23:54 Generating new token for user  5e809334-4ba9-4353-996b-108f9189323b
2024/01/07 23:23:54 Generating new token for user  9f1eaadb-f1a3-4a6f-a2cb-8a6c002ffacb
2024/01/07 23:23:54 Generating new token for user  e541ae0b-8ec3-43fe-a67b-c99227989d20
2024/01/07 23:23:54 Generating new token for user  068464a2-da9c-4423-b2a3-7e4ab298d28f
2024/01/07 23:23:54 Generating new token for user  53f97b8b-3837-4619-99f1-0195b2777bd9
2024/01/07 23:23:54 Generating new token for user  884d5f0f-db4b-4b39-8e11-aff5d73b0c64
2024/01/07 23:23:54 Generating new token for user  006afdc5-b42a-4da1-8138-88ef3240acd0
2024/01/07 23:23:54 Generating new token for user  43e2e1b4-d9a2-4333-88ab-d81903f2e7de
2024/01/07 23:23:54 Generating new token for user  0c0caa31-4315-4f08-862f-e7e0d1f8d495
2024/01/07 23:23:54 Generating new token for user  789d0f5f-fad3-4664-ac75-e8bf7e635cf6
2024/01/07 23:23:54 Generating new token for user  5e43285b-fe06-48ee-ba39-04412130e426
2024/01/07 23:23:54 Generating new token for user  a368a03f-c93c-49f5-b618-17e873c0a6fb
2024/01/07 23:23:54 Generating new token for user  c6d603fc-f038-4cd4-bdaf-30e21aa070ae
2024/01/07 23:23:55 Generating new token for user  c0ba5b88-6004-49b1-9d8e-b7dffb05085b
2024/01/07 23:23:55 Generating new token for user  d386763d-78c6-4052-ae09-1fbd2d017997
2024/01/07 23:23:55 Generating new token for user  c2d3b716-0c0f-490d-ac5e-41cef47ff435
2024/01/07 23:23:55 Generating new token for user  876ffcc4-9c9e-4602-8049-b5c080df8e98
2024/01/07 23:23:55 Generating new token for user  926d1477-cf06-4be6-bbb2-4345966617dd
2024/01/07 23:23:55 Generating new token for user  9fc9a930-6c03-457c-a9ec-d68c38c169b6
2024/01/07 23:23:55 Generating new token for user  f6e4d53d-6472-47a5-8c34-507fff316a50
2024/01/07 23:23:55 Generating new token for user  2ec72e01-06df-4e8a-a43b-83a4f62995e5
2024/01/07 23:23:55 Generating new token for user  e898ff0d-d59a-4645-a182-64c80900895b
2024/01/07 23:23:55 Generating new token for user  2689d095-e7ec-4541-a419-f79fd95263f6
2024/01/07 23:23:55 Generating new token for user  f68b5661-2e85-4418-9587-e167e7754f5b
2024/01/07 23:23:55 Generating new token for user  0e5dc8c6-c385-4cf9-8e05-1ff3c0661be9
2024/01/07 23:23:55 Generating new token for user  5fdad71b-6d60-4155-8d7c-9a31209df0e4
2024/01/07 23:23:55 Generating new token for user  9f16e256-9720-4906-b7ca-5e9314df89a3
2024/01/07 23:23:55 Generating new token for user  f23fa274-19b7-4ac9-aab3-d8e4a5a0f606
2024/01/07 23:23:55 Generating new token for user  452ae373-0e52-4f55-8ddf-1a75936bbea4
2024/01/07 23:23:55 Generating new token for user  23a6e66d-c876-4e69-981a-42e1661c5af3
2024/01/07 23:23:55 Generating new token for user  58f10464-6c92-4d43-bb35-20825e10ba62
2024/01/07 23:23:55 Generating new token for user  23ca8d39-9ff2-40a4-92c5-21e05c756ee1
2024/01/07 23:23:55 Generating new token for user  2843344b-df50-47c8-a392-fdabe720aece
2024/01/07 23:23:55 Generating new token for user  3ebbaeeb-f0e9-4a62-9be9-2bc3b84b9348
2024/01/07 23:23:55 Generating new token for user  f55d2a36-a82c-47e2-9422-74d4a080b454
2024/01/07 23:23:55 Generating new token for user  5db45fb2-6fbe-4ace-bf6e-7ee7045d2d6c
2024/01/07 23:23:55 Generating new token for user  c5b1c59f-70c8-4bbc-ad90-1acb4cbd6694
2024/01/07 23:23:55 Generating new token for user  b2ae62a6-03dc-4dec-9c23-9e506acb0106
2024/01/07 23:23:55 Generating new token for user  dae86144-abdd-4eea-b939-23eba3f3e2e5
2024/01/07 23:23:55 Generating new token for user  cb29815f-2f11-4e16-a45d-56e462c6d62e
2024/01/07 23:23:55 Generating new token for user  825d7c20-3d4a-4610-9556-4ccc02b61e66
2024/01/07 23:23:55 Generating new token for user  0e8607b4-d0e2-4516-988b-ad2ec174c9d4
2024/01/07 23:23:55 Generating new token for user  6873a8bf-d28f-44f1-9a39-5e00d68051e7
2024/01/07 23:23:56 Generating new token for user  d8a16b4f-a2f8-4bb1-92bd-c670817aceea
2024/01/07 23:23:56 Generating new token for user  a6a6b476-175e-42b5-9e66-c05ac66544cd
2024/01/07 23:23:56 Generating new token for user  983ffc63-73a2-450f-8fdf-030411213448
2024/01/07 23:23:56 Generating new token for user  b41f7b2b-849e-422a-ab2c-ab8442fb9157
2024/01/07 23:23:56 Generating new token for user  f756d30f-76e2-4d4d-bcaf-90fe4d553a09
2024/01/07 23:23:56 Generating new token for user  5375032f-49d0-43f6-89ea-67c633a61c74
2024/01/07 23:23:56 Generating new token for user  2f57b380-72e6-453d-ad9d-7a40cc2cb8c4
2024/01/07 23:23:56 Generating new token for user  407a96e8-c6d8-4266-93b1-9918c8a19b6d
2024/01/07 23:23:56 Generating new token for user  0549c425-15f2-47e8-b3b6-bb502a6c85cf
2024/01/07 23:23:56 Generating new token for user  cc0cfb04-c6fc-4506-bf33-8fefd919dcbb
2024/01/07 23:23:56 Generating new token for user  17c2aa28-025f-4a1a-8223-4b71683b399a
2024/01/07 23:23:56 Generating new token for user  8c2063f4-0b6e-4b1c-a058-c45ca7cf1f2c
2024/01/07 23:23:56 Generating new token for user  9d1c434a-f17d-4185-89e8-2b758c8af061
2024/01/07 23:23:56 Generating new token for user  73fb2b00-7ccb-4282-b23b-ae791465615d
2024/01/07 23:23:56 Generating new token for user  63bb25db-8ef9-4c76-af47-9742709f1118
2024/01/07 23:23:56 Generating new token for user  13458cf3-7526-4760-ada4-6540ef935247
2024/01/07 23:23:56 Generating new token for user  02ee934f-1708-4e71-aa27-b49cf8a962a6
2024/01/07 23:23:56 Generating new token for user  a09ebc04-e351-4f8d-baf9-36fadae37114
2024/01/07 23:23:56 Generating new token for user  b2eb2fc5-a30c-4204-9f33-c3df2951b6da
2024/01/07 23:23:56 Generating new token for user  f16c0c64-f694-487a-8a30-5181f3c6be7e
2024/01/07 23:23:56 Generating new token for user  88da69a7-6761-4218-9c93-4ce61bbd62da
2024/01/07 23:23:56 Generating new token for user  8eb27dcb-4a2d-4a63-9f55-1168118bdee9
2024/01/07 23:23:56 Generating new token for user  7ad2f0a6-5fc1-4b82-b674-da2a55b37fc7
2024/01/07 23:23:56 Generating new token for user  2c40073e-e653-47f5-afb3-a8aaa9059e61
2024/01/07 23:23:56 Generating new token for user  bbb6dc98-6614-4cdb-b03f-f68a1e59e715
2024/01/07 23:23:56 Generating new token for user  4dad0216-bda1-47ef-b4bd-d06c0ae0e838
2024/01/07 23:23:56 Generating new token for user  2aa8877c-9767-447a-91db-f5df1ff1c791
2024/01/07 23:23:56 Generating new token for user  23d1e9da-a753-4da6-92e7-a153b81f2388
2024/01/07 23:23:56 Generating new token for user  6c1b5705-4771-4744-bd3b-9449922a30df
2024/01/07 23:23:56 Generating new token for user  3a22f124-d25a-4b4a-85cc-680fd4209f9f
2024/01/07 23:23:56 Generating new token for user  8f7974c4-802e-4f41-a381-5023c484646b
2024/01/07 23:23:56 Generating new token for user  580624d6-303e-4413-a769-70acf7ae669e
2024/01/07 23:23:56 Generating new token for user  60d780d1-05fd-4062-a8eb-67989705e71a
2024/01/07 23:23:56 Generating new token for user  d19929d3-a62d-430d-8a39-23ca8b0711b0
2024/01/07 23:23:56 Generating new token for user  8fd7bd4f-566f-4607-b582-e335b99b419f
2024/01/07 23:23:57 Generating new token for user  1f5dfbba-8f69-4f55-87e7-3d63f52d1c92
2024/01/07 23:23:57 Generating new token for user  f67f7cb5-2ae8-470a-b37b-4724fea245f4
